make.exe all --print-data-base --no-builtin-variables --no-builtin-rules --question
# GNU Make 4.3
 
# Built for x86_64-pc-msys
# Copyright (C) 1988-2020 Free Software Foundation, Inc.
# License GPLv3+: GNU GPL version 3 or later <http://gnu.org/licenses/gpl.html>
# This is free software: you are free to change and redistribute it.
# There is NO WARRANTY, to the extent permitted by law.
 

 
# Make data base, printed on Fri Jun  3 15:51:56 2022

# Variables

# environment
SYSTEMDRIVE = C:
# environment
LC_ALL = C
# environment
USERPROFILE = C:\Users\Lab
# environment
LOCALAPPDATA = C:\Users\Lab\AppData\Local
# environment
VSCODE_IPC_HOOK_EXTHOST = \\.\pipe\vscode-ipc-f4b596da-af0f-4ead-a0f9-b0e43c100ded-sock
# environment
VSCODE_CWD = C:\Users\Lab\Documents\c++\free-robux
# environment
SYSTEMROOT = C:\WINDOWS
# environment
PROCESSOR_LEVEL = 23
# environment
PSMODULEPATH = C:\Program Files\WindowsPowerShell\Modules;C:\WINDOWS\system32\WindowsPowerShell\v1.0\Modules
# default
MAKE_COMMAND := make
# automatic
@D = $(patsubst %/,%,$(dir $@))
# environment
CHROME_CRASHPAD_PIPE_NAME = \\.\pipe\crashpad_10820_QJMWDVOPJYQTTKFV
# environment
VSCODE_HANDLES_UNCAUGHT_ERRORS = true
# default
.VARIABLES := 
# automatic
%D = $(patsubst %/,%,$(dir $%))
# automatic
^D = $(patsubst %/,%,$(dir $^))
# environment
VSCODE_LOG_STACK = false
# automatic
%F = $(notdir $%)
# environment
VSCODE_CODE_CACHE_PATH = C:\Users\Lab\AppData\Roaming\Code\CachedData\c3511e6c69bb39013c4a4b7b9566ec1ca73fc4d5
# environment
LANG = C
# default
.LOADED := 
# environment
TMP = /c/Users/Lab/AppData/Local/Temp
# default
.INCLUDE_DIRS = /usr/include /usr/include
# makefile
MAKEFLAGS = pqrR
# environment
ONEDRIVE = C:\Users\Lab\OneDrive
# makefile
CURDIR := /c/Users/Lab/Documents/c++/free-robux
# environment
VSCODE_PIPE_LOGGING = true
# environment
APPLICATION_INSIGHTS_NO_DIAGNOSTIC_CHANNEL = 1
# automatic
*D = $(patsubst %/,%,$(dir $*))
# environment
PROGRAMFILES = C:\Program Files
# environment
MFLAGS = -pqrR
# default
.SHELLFLAGS := -c
# environment
!C: = c:\Users\Lab\Documents\c++\free-robux
# environment
COMMONPROGRAMW6432 = C:\Program Files\Common Files
# automatic
+D = $(patsubst %/,%,$(dir $+))
# makefile (from 'Makefile', line 1)
MAKEFILE_LIST := Makefile
# automatic
@F = $(notdir $@)
 
# environment
VSCODE_VERBOSE_LOGGING = true
# environment
 
VSCODE_PID = 10820
 
# automatic
?D = $(patsubst %/,%,$(dir $?))
# automatic
*F = $(notdir $*)
# automatic
<D = $(patsubst %/,%,$(dir $<))
# environment
VSCODE_NLS_CONFIG = {"locale":"pt-pt","availableLanguages":{},"_languagePackSupport":true}
# default
MAKE_HOST := x86_64-pc-msys
# environment
PROGRAMDATA = C:\ProgramData
# default
SHELL := /bin/sh
# environment
HOMEPATH = \Users\Lab
# default
MAKECMDGOALS := all
# environment
DRIVERDATA = C:\Windows\System32\Drivers\DriverData
# environment
COMSPEC = C:\WINDOWS\system32\cmd.exe
# environment
WINDIR = C:\WINDOWS
# environment
MAKELEVEL := 0
# default
MAKE = $(MAKE_COMMAND)
# environment
PATH = /c/Program Files/Common Files/Oracle/Java/javapath:/c/WINDOWS/system32:/c/WINDOWS:/c/WINDOWS/System32/Wbem:/c/WINDOWS/System32/WindowsPowerShell/v1.0:/c/WINDOWS/System32/OpenSSH:/c/Program Files/Git/cmd:/c/Users/Lab/AppData/Local/Microsoft/WindowsApps:/c/Users/Lab/AppData/Local/Programs/Microsoft VS Code/bin:/usr/bin:/mingw64/bin:/:/c/Program Files/Java/jdk-18.0.1.1/bin
# environment
COMPUTERNAME = DESKTOP-4L1632G
# default
MAKEFILES := 
# automatic
^F = $(notdir $^)
# environment
PROMPT = $P$G
# environment
LOGONSERVER = \\DESKTOP-4L1632G
# environment
VSCODE_LOG_NATIVE = false
# environment
USERNAME = Lab
# environment
COMMONPROGRAMFILES = C:\Program Files\Common Files
# automatic
?F = $(notdir $?)
# environment
PROGRAMW6432 = C:\Program Files
# environment
PATHEXT = .COM;.EXE;.BAT;.CMD;.VBS;.VBE;.JS;.JSE;.WSF;.WSH;.MSC
# automatic
+F = $(notdir $+)
# environment
ORIGINAL_XDG_CURRENT_DESKTOP = undefined
# environment
USERDOMAIN = DESKTOP-4L1632G
# 'override' directive
GNUMAKEFLAGS := 
# environment
OS = Windows_NT
# makefile
.DEFAULT_GOAL := all
# default
MAKE_VERSION := 4.3
# environment
PROGRAMFILES(X86) = C:\Program Files (x86)
# environment
USERDOMAIN_ROAMINGPROFILE = DESKTOP-4L1632G
# environment
NUMBER_OF_PROCESSORS = 4
# environment
PUBLIC = C:\Users\Public
# environment
APPDATA = C:\Users\Lab\AppData\Roaming
# environment
HOMEDRIVE = C:
# environment
PROCESSOR_ARCHITECTURE = AMD64
# environment
VSCODE_AMD_ENTRYPOINT = vs/workbench/api/node/extensionHostProcess
# environment
HOME = /home/Lab
# environment
COMMONPROGRAMFILES(X86) = C:\Program Files (x86)\Common Files
# environment
ELECTRON_RUN_AS_NODE = 1
# environment
TEMP = /c/Users/Lab/AppData/Local/Temp
# environment
VSCODE_IPC_HOOK = \\.\pipe\30e8a9d14f64a907e67e18a7ba5f7989-1.67.2-main-sock
# environment
TERM = xterm-256color
# default
.RECIPEPREFIX := 
# automatic
<F = $(notdir $<)
# default
SUFFIXES := 
 
# environment
ALLUSERSPROFILE = C:\ProgramData
# environment
SESSIONNAME = Console
# default
.FEATURES := target-specific order-only second-expansion else-if shortest-stem undefine oneshell nocomment grouped-target extra-prereqs archives jobserver output-sync check-symlink load
# environment
PROCESSOR_REVISION = 2001
# environment
PROCESSOR_IDENTIFIER = AMD64 Family 23 Model 32 Stepping 1, AuthenticAMD
# variable set hash-table stats:
 
# Load=94/1024=9%, Rehash=0, Collisions=11/124=9%

# Pattern-specific Variable Values

# No pattern-specific variable values.

# Directories

# . (device 3572687099, inode 5629499534297737): 9 files, no impossibilities.

# 9 files, no impossibilities in 1 directories.

# Implicit Rules

# No implicit rules.

# Files

# Not a target:
Makefile:
#  Implicit rule search has been done.
#  Last modified 2022-06-03 15:46:44.5541206
#  File has been updated.
#  Successfully updated.

# Not a target:
.DEFAULT:
#  Implicit rule search has not been done.
#  Modification time never checked.
#  File has not been updated.

all:
#  Command line target.
#  Implicit rule search has not been done.
#  Implicit/static pattern stem: ''
#  File does not exist.
#  File has been updated.
#  Needs to be updated (-q is set).
# automatic
# @ := all
# automatic
# * := 
# automatic
# < := 
# automatic
# + := 
# automatic
# % := 
# automatic
# ^ := 
# automatic
# ? := 
# automatic
# | := 
# variable set hash-table stats:
# Load=8/32=25%, Rehash=0, Collisions=1/11=9%
#  recipe to execute (from 'Makefile', line 2):
	g++ -o bin\free-robux src\fork.cpp

# Not a target:
.SUFFIXES:
#  Implicit rule search has not been done.
#  Modification time never checked.
#  File has not been updated.

# files hash-table stats:
# Load=4/1024=0%, Rehash=0, Collisions=0/16=0%
# VPATH Search Paths

# No 'vpath' search paths.

# No general ('VPATH' variable) search path.

# strcache buffers: 1 (0) / strings = 13 / storage = 92 B / avg = 7 B
# current buf: size = 8162 B / used = 92 B / count = 13 / avg = 7 B

# strcache performance: lookups = 20 / hit rate = 35%
# hash-table stats:
# Load=13/8192=0%, Rehash=0, Collisions=0/20=0%
# Finished Make data base on Fri Jun  3 15:51:56 2022

 
